<?xml version="1.0" encoding="UTF-8"?>
<!-- Generated by org.testng.reporters.JUnitXMLReporter -->
<testsuite ignored="0" hostname="IN-DL-34KRIV" failures="0" tests="4" name="Test" time="32.374" errors="0" timestamp="2025-05-07T19:07:20 IST">
  <testcase classname="tests.FourTest" name="testFour" time="11.327"/>
  <testcase classname="tests.TwoTest" name="testTwo" time="5.031"/>
  <testcase classname="tests.LoginTest" name="Login" time="4.764"/>
  <testcase classname="tests.ThreeTest" name="testThree" time="6.473"/>
</testsuite> <!-- Test -->
