<?xml version="1.0" encoding="UTF-8"?>
<!-- Generated by org.testng.reporters.JUnitXMLReporter -->
<testsuite ignored="0" hostname="IN-DL-34KRIV" failures="0" tests="5" name="Test" time="31.956" errors="0" timestamp="2025-05-07T15:23:05 IST">
  <testcase classname="tests.FourTest" name="testFour" time="0.005"/>
  <testcase classname="tests.TwoTest" name="testTwo" time="0.001"/>
  <testcase classname="tests.LoginTest" name="Login" time="4.8"/>
  <testcase classname="tests.LoginTest" name="Login" time="14.511"/>
  <testcase classname="tests.ThreeTest" name="testThree" time="0.0"/>
</testsuite> <!-- Test -->
